[2025-01-24T16:10:17.202+0000] {processor.py:157} INFO - Started process (PID=167) to work on /opt/airflow/dags/load_user.py
[2025-01-24T16:10:17.205+0000] {processor.py:829} INFO - Processing file /opt/airflow/dags/load_user.py for tasks to queue
[2025-01-24T16:10:17.228+0000] {logging_mixin.py:151} INFO - [2025-01-24T16:10:17.222+0000] {dagbag.py:539} INFO - Filling up the DagBag from /opt/airflow/dags/load_user.py
[2025-01-24T16:10:17.353+0000] {processor.py:839} INFO - DAG(s) dict_keys(['copy_s3_to_redshift_callable']) retrieved from /opt/airflow/dags/load_user.py
[2025-01-24T16:10:17.981+0000] {logging_mixin.py:151} INFO - [2025-01-24T16:10:17.981+0000] {manager.py:501} INFO - Created Permission View: can edit on DAG:copy_s3_to_redshift_callable
[2025-01-24T16:10:17.993+0000] {logging_mixin.py:151} INFO - [2025-01-24T16:10:17.993+0000] {manager.py:501} INFO - Created Permission View: can read on DAG:copy_s3_to_redshift_callable
[2025-01-24T16:10:17.999+0000] {logging_mixin.py:151} INFO - [2025-01-24T16:10:17.999+0000] {manager.py:501} INFO - Created Permission View: can delete on DAG:copy_s3_to_redshift_callable
[2025-01-24T16:10:18.016+0000] {logging_mixin.py:151} INFO - [2025-01-24T16:10:18.015+0000] {dag.py:2907} INFO - Sync 1 DAGs
[2025-01-24T16:10:18.036+0000] {logging_mixin.py:151} INFO - [2025-01-24T16:10:18.036+0000] {dag.py:2929} INFO - Creating ORM DAG for copy_s3_to_redshift_callable
[2025-01-24T16:10:18.037+0000] {logging_mixin.py:151} INFO - [2025-01-24T16:10:18.037+0000] {dag.py:3677} INFO - Setting next_dagrun for copy_s3_to_redshift_callable to None, run_after=None
[2025-01-24T16:10:18.073+0000] {processor.py:179} INFO - Processing /opt/airflow/dags/load_user.py took 0.884 seconds
[2025-01-24T16:10:48.591+0000] {processor.py:157} INFO - Started process (PID=172) to work on /opt/airflow/dags/load_user.py
[2025-01-24T16:10:48.594+0000] {processor.py:829} INFO - Processing file /opt/airflow/dags/load_user.py for tasks to queue
[2025-01-24T16:10:48.601+0000] {logging_mixin.py:151} INFO - [2025-01-24T16:10:48.600+0000] {dagbag.py:539} INFO - Filling up the DagBag from /opt/airflow/dags/load_user.py
[2025-01-24T16:10:48.655+0000] {processor.py:839} INFO - DAG(s) dict_keys(['copy_s3_to_redshift_callable']) retrieved from /opt/airflow/dags/load_user.py
[2025-01-24T16:10:48.699+0000] {logging_mixin.py:151} INFO - [2025-01-24T16:10:48.698+0000] {dag.py:2907} INFO - Sync 1 DAGs
[2025-01-24T16:10:48.716+0000] {logging_mixin.py:151} INFO - [2025-01-24T16:10:48.716+0000] {dag.py:3677} INFO - Setting next_dagrun for copy_s3_to_redshift_callable to None, run_after=None
[2025-01-24T16:10:48.745+0000] {processor.py:179} INFO - Processing /opt/airflow/dags/load_user.py took 0.167 seconds
[2025-01-24T16:11:19.082+0000] {processor.py:157} INFO - Started process (PID=177) to work on /opt/airflow/dags/load_user.py
[2025-01-24T16:11:19.084+0000] {processor.py:829} INFO - Processing file /opt/airflow/dags/load_user.py for tasks to queue
[2025-01-24T16:11:19.089+0000] {logging_mixin.py:151} INFO - [2025-01-24T16:11:19.089+0000] {dagbag.py:539} INFO - Filling up the DagBag from /opt/airflow/dags/load_user.py
[2025-01-24T16:11:19.113+0000] {processor.py:839} INFO - DAG(s) dict_keys(['copy_s3_to_redshift_callable']) retrieved from /opt/airflow/dags/load_user.py
[2025-01-24T16:11:19.166+0000] {logging_mixin.py:151} INFO - [2025-01-24T16:11:19.166+0000] {dag.py:2907} INFO - Sync 1 DAGs
[2025-01-24T16:11:19.183+0000] {logging_mixin.py:151} INFO - [2025-01-24T16:11:19.182+0000] {dag.py:3677} INFO - Setting next_dagrun for copy_s3_to_redshift_callable to None, run_after=None
[2025-01-24T16:11:19.200+0000] {processor.py:179} INFO - Processing /opt/airflow/dags/load_user.py took 0.123 seconds
[2025-01-24T16:11:49.839+0000] {processor.py:157} INFO - Started process (PID=182) to work on /opt/airflow/dags/load_user.py
[2025-01-24T16:11:49.841+0000] {processor.py:829} INFO - Processing file /opt/airflow/dags/load_user.py for tasks to queue
[2025-01-24T16:11:49.849+0000] {logging_mixin.py:151} INFO - [2025-01-24T16:11:49.847+0000] {dagbag.py:539} INFO - Filling up the DagBag from /opt/airflow/dags/load_user.py
[2025-01-24T16:11:49.873+0000] {processor.py:839} INFO - DAG(s) dict_keys(['copy_s3_to_redshift_callable']) retrieved from /opt/airflow/dags/load_user.py
[2025-01-24T16:11:49.928+0000] {logging_mixin.py:151} INFO - [2025-01-24T16:11:49.928+0000] {dag.py:2907} INFO - Sync 1 DAGs
[2025-01-24T16:11:49.947+0000] {logging_mixin.py:151} INFO - [2025-01-24T16:11:49.946+0000] {dag.py:3677} INFO - Setting next_dagrun for copy_s3_to_redshift_callable to None, run_after=None
[2025-01-24T16:11:49.964+0000] {processor.py:179} INFO - Processing /opt/airflow/dags/load_user.py took 0.134 seconds
[2025-01-24T16:12:20.365+0000] {processor.py:157} INFO - Started process (PID=187) to work on /opt/airflow/dags/load_user.py
[2025-01-24T16:12:20.367+0000] {processor.py:829} INFO - Processing file /opt/airflow/dags/load_user.py for tasks to queue
[2025-01-24T16:12:20.372+0000] {logging_mixin.py:151} INFO - [2025-01-24T16:12:20.371+0000] {dagbag.py:539} INFO - Filling up the DagBag from /opt/airflow/dags/load_user.py
[2025-01-24T16:12:20.392+0000] {processor.py:839} INFO - DAG(s) dict_keys(['copy_s3_to_redshift_callable']) retrieved from /opt/airflow/dags/load_user.py
[2025-01-24T16:12:20.448+0000] {logging_mixin.py:151} INFO - [2025-01-24T16:12:20.447+0000] {dag.py:2907} INFO - Sync 1 DAGs
[2025-01-24T16:12:20.464+0000] {logging_mixin.py:151} INFO - [2025-01-24T16:12:20.464+0000] {dag.py:3677} INFO - Setting next_dagrun for copy_s3_to_redshift_callable to None, run_after=None
[2025-01-24T16:12:20.482+0000] {processor.py:179} INFO - Processing /opt/airflow/dags/load_user.py took 0.123 seconds
[2025-01-24T16:12:50.778+0000] {processor.py:157} INFO - Started process (PID=192) to work on /opt/airflow/dags/load_user.py
[2025-01-24T16:12:50.780+0000] {processor.py:829} INFO - Processing file /opt/airflow/dags/load_user.py for tasks to queue
[2025-01-24T16:12:50.792+0000] {logging_mixin.py:151} INFO - [2025-01-24T16:12:50.790+0000] {dagbag.py:539} INFO - Filling up the DagBag from /opt/airflow/dags/load_user.py
[2025-01-24T16:12:50.827+0000] {processor.py:839} INFO - DAG(s) dict_keys(['copy_s3_to_redshift_callable']) retrieved from /opt/airflow/dags/load_user.py
[2025-01-24T16:12:50.868+0000] {logging_mixin.py:151} INFO - [2025-01-24T16:12:50.867+0000] {dag.py:2907} INFO - Sync 1 DAGs
[2025-01-24T16:12:50.882+0000] {logging_mixin.py:151} INFO - [2025-01-24T16:12:50.882+0000] {dag.py:3677} INFO - Setting next_dagrun for copy_s3_to_redshift_callable to None, run_after=None
[2025-01-24T16:12:50.952+0000] {processor.py:179} INFO - Processing /opt/airflow/dags/load_user.py took 0.186 seconds
[2025-01-24T16:13:21.322+0000] {processor.py:157} INFO - Started process (PID=197) to work on /opt/airflow/dags/load_user.py
[2025-01-24T16:13:21.324+0000] {processor.py:829} INFO - Processing file /opt/airflow/dags/load_user.py for tasks to queue
[2025-01-24T16:13:21.328+0000] {logging_mixin.py:151} INFO - [2025-01-24T16:13:21.327+0000] {dagbag.py:539} INFO - Filling up the DagBag from /opt/airflow/dags/load_user.py
[2025-01-24T16:13:21.373+0000] {processor.py:839} INFO - DAG(s) dict_keys(['copy_s3_to_redshift_callable']) retrieved from /opt/airflow/dags/load_user.py
[2025-01-24T16:13:21.417+0000] {logging_mixin.py:151} INFO - [2025-01-24T16:13:21.416+0000] {dag.py:2907} INFO - Sync 1 DAGs
[2025-01-24T16:13:21.445+0000] {logging_mixin.py:151} INFO - [2025-01-24T16:13:21.445+0000] {dag.py:3677} INFO - Setting next_dagrun for copy_s3_to_redshift_callable to None, run_after=None
[2025-01-24T16:13:21.465+0000] {processor.py:179} INFO - Processing /opt/airflow/dags/load_user.py took 0.150 seconds
[2025-01-24T16:13:51.822+0000] {processor.py:157} INFO - Started process (PID=202) to work on /opt/airflow/dags/load_user.py
[2025-01-24T16:13:51.824+0000] {processor.py:829} INFO - Processing file /opt/airflow/dags/load_user.py for tasks to queue
[2025-01-24T16:13:51.830+0000] {logging_mixin.py:151} INFO - [2025-01-24T16:13:51.829+0000] {dagbag.py:539} INFO - Filling up the DagBag from /opt/airflow/dags/load_user.py
[2025-01-24T16:13:51.856+0000] {processor.py:839} INFO - DAG(s) dict_keys(['copy_s3_to_redshift_callable']) retrieved from /opt/airflow/dags/load_user.py
[2025-01-24T16:13:51.912+0000] {logging_mixin.py:151} INFO - [2025-01-24T16:13:51.912+0000] {dag.py:2907} INFO - Sync 1 DAGs
[2025-01-24T16:13:51.927+0000] {logging_mixin.py:151} INFO - [2025-01-24T16:13:51.927+0000] {dag.py:3677} INFO - Setting next_dagrun for copy_s3_to_redshift_callable to None, run_after=None
[2025-01-24T16:13:51.943+0000] {processor.py:179} INFO - Processing /opt/airflow/dags/load_user.py took 0.144 seconds
[2025-01-24T16:14:22.266+0000] {processor.py:157} INFO - Started process (PID=207) to work on /opt/airflow/dags/load_user.py
[2025-01-24T16:14:22.270+0000] {processor.py:829} INFO - Processing file /opt/airflow/dags/load_user.py for tasks to queue
[2025-01-24T16:14:22.276+0000] {logging_mixin.py:151} INFO - [2025-01-24T16:14:22.275+0000] {dagbag.py:539} INFO - Filling up the DagBag from /opt/airflow/dags/load_user.py
[2025-01-24T16:14:22.301+0000] {processor.py:839} INFO - DAG(s) dict_keys(['copy_s3_to_redshift_callable']) retrieved from /opt/airflow/dags/load_user.py
[2025-01-24T16:14:22.349+0000] {logging_mixin.py:151} INFO - [2025-01-24T16:14:22.348+0000] {dag.py:2907} INFO - Sync 1 DAGs
[2025-01-24T16:14:22.362+0000] {logging_mixin.py:151} INFO - [2025-01-24T16:14:22.362+0000] {dag.py:3677} INFO - Setting next_dagrun for copy_s3_to_redshift_callable to None, run_after=None
[2025-01-24T16:14:22.378+0000] {processor.py:179} INFO - Processing /opt/airflow/dags/load_user.py took 0.120 seconds
[2025-01-24T16:14:24.328+0000] {processor.py:157} INFO - Started process (PID=212) to work on /opt/airflow/dags/load_user.py
[2025-01-24T16:14:24.329+0000] {processor.py:829} INFO - Processing file /opt/airflow/dags/load_user.py for tasks to queue
[2025-01-24T16:14:24.331+0000] {logging_mixin.py:151} INFO - [2025-01-24T16:14:24.331+0000] {dagbag.py:539} INFO - Filling up the DagBag from /opt/airflow/dags/load_user.py
[2025-01-24T16:14:24.350+0000] {processor.py:839} INFO - DAG(s) dict_keys(['copy_s3_to_redshift_callable']) retrieved from /opt/airflow/dags/load_user.py
[2025-01-24T16:14:24.375+0000] {logging_mixin.py:151} INFO - [2025-01-24T16:14:24.375+0000] {dag.py:2907} INFO - Sync 1 DAGs
[2025-01-24T16:14:24.385+0000] {logging_mixin.py:151} INFO - [2025-01-24T16:14:24.385+0000] {dag.py:3677} INFO - Setting next_dagrun for copy_s3_to_redshift_callable to None, run_after=None
[2025-01-24T16:14:24.398+0000] {processor.py:179} INFO - Processing /opt/airflow/dags/load_user.py took 0.074 seconds
[2025-01-24T16:14:54.820+0000] {processor.py:157} INFO - Started process (PID=217) to work on /opt/airflow/dags/load_user.py
[2025-01-24T16:14:54.825+0000] {processor.py:829} INFO - Processing file /opt/airflow/dags/load_user.py for tasks to queue
[2025-01-24T16:14:54.828+0000] {logging_mixin.py:151} INFO - [2025-01-24T16:14:54.828+0000] {dagbag.py:539} INFO - Filling up the DagBag from /opt/airflow/dags/load_user.py
[2025-01-24T16:14:54.846+0000] {processor.py:839} INFO - DAG(s) dict_keys(['copy_s3_to_redshift_callable']) retrieved from /opt/airflow/dags/load_user.py
[2025-01-24T16:14:54.878+0000] {logging_mixin.py:151} INFO - [2025-01-24T16:14:54.877+0000] {dag.py:2907} INFO - Sync 1 DAGs
[2025-01-24T16:14:54.891+0000] {logging_mixin.py:151} INFO - [2025-01-24T16:14:54.891+0000] {dag.py:3677} INFO - Setting next_dagrun for copy_s3_to_redshift_callable to None, run_after=None
[2025-01-24T16:14:54.905+0000] {processor.py:179} INFO - Processing /opt/airflow/dags/load_user.py took 0.104 seconds
[2025-01-24T16:15:25.190+0000] {processor.py:157} INFO - Started process (PID=222) to work on /opt/airflow/dags/load_user.py
[2025-01-24T16:15:25.191+0000] {processor.py:829} INFO - Processing file /opt/airflow/dags/load_user.py for tasks to queue
[2025-01-24T16:15:25.195+0000] {logging_mixin.py:151} INFO - [2025-01-24T16:15:25.194+0000] {dagbag.py:539} INFO - Filling up the DagBag from /opt/airflow/dags/load_user.py
[2025-01-24T16:15:25.221+0000] {processor.py:839} INFO - DAG(s) dict_keys(['copy_s3_to_redshift_callable']) retrieved from /opt/airflow/dags/load_user.py
[2025-01-24T16:15:25.273+0000] {logging_mixin.py:151} INFO - [2025-01-24T16:15:25.272+0000] {dag.py:2907} INFO - Sync 1 DAGs
[2025-01-24T16:15:25.286+0000] {logging_mixin.py:151} INFO - [2025-01-24T16:15:25.286+0000] {dag.py:3677} INFO - Setting next_dagrun for copy_s3_to_redshift_callable to None, run_after=None
[2025-01-24T16:15:25.301+0000] {processor.py:179} INFO - Processing /opt/airflow/dags/load_user.py took 0.117 seconds
[2025-01-24T16:15:55.707+0000] {processor.py:157} INFO - Started process (PID=227) to work on /opt/airflow/dags/load_user.py
[2025-01-24T16:15:55.708+0000] {processor.py:829} INFO - Processing file /opt/airflow/dags/load_user.py for tasks to queue
[2025-01-24T16:15:55.712+0000] {logging_mixin.py:151} INFO - [2025-01-24T16:15:55.711+0000] {dagbag.py:539} INFO - Filling up the DagBag from /opt/airflow/dags/load_user.py
[2025-01-24T16:15:55.731+0000] {processor.py:839} INFO - DAG(s) dict_keys(['copy_s3_to_redshift_callable']) retrieved from /opt/airflow/dags/load_user.py
[2025-01-24T16:15:55.785+0000] {logging_mixin.py:151} INFO - [2025-01-24T16:15:55.784+0000] {dag.py:2907} INFO - Sync 1 DAGs
[2025-01-24T16:15:55.806+0000] {logging_mixin.py:151} INFO - [2025-01-24T16:15:55.806+0000] {dag.py:3677} INFO - Setting next_dagrun for copy_s3_to_redshift_callable to None, run_after=None
[2025-01-24T16:15:55.821+0000] {processor.py:179} INFO - Processing /opt/airflow/dags/load_user.py took 0.120 seconds
[2025-01-24T16:16:26.138+0000] {processor.py:157} INFO - Started process (PID=232) to work on /opt/airflow/dags/load_user.py
[2025-01-24T16:16:26.142+0000] {processor.py:829} INFO - Processing file /opt/airflow/dags/load_user.py for tasks to queue
[2025-01-24T16:16:26.147+0000] {logging_mixin.py:151} INFO - [2025-01-24T16:16:26.146+0000] {dagbag.py:539} INFO - Filling up the DagBag from /opt/airflow/dags/load_user.py
[2025-01-24T16:16:26.168+0000] {processor.py:839} INFO - DAG(s) dict_keys(['copy_s3_to_redshift_callable']) retrieved from /opt/airflow/dags/load_user.py
[2025-01-24T16:16:26.232+0000] {logging_mixin.py:151} INFO - [2025-01-24T16:16:26.232+0000] {dag.py:2907} INFO - Sync 1 DAGs
[2025-01-24T16:16:26.248+0000] {logging_mixin.py:151} INFO - [2025-01-24T16:16:26.248+0000] {dag.py:3677} INFO - Setting next_dagrun for copy_s3_to_redshift_callable to None, run_after=None
[2025-01-24T16:16:26.263+0000] {processor.py:179} INFO - Processing /opt/airflow/dags/load_user.py took 0.149 seconds
[2025-01-24T16:16:56.603+0000] {processor.py:157} INFO - Started process (PID=237) to work on /opt/airflow/dags/load_user.py
[2025-01-24T16:16:56.605+0000] {processor.py:829} INFO - Processing file /opt/airflow/dags/load_user.py for tasks to queue
[2025-01-24T16:16:56.609+0000] {logging_mixin.py:151} INFO - [2025-01-24T16:16:56.608+0000] {dagbag.py:539} INFO - Filling up the DagBag from /opt/airflow/dags/load_user.py
[2025-01-24T16:16:56.637+0000] {processor.py:839} INFO - DAG(s) dict_keys(['copy_s3_to_redshift_callable']) retrieved from /opt/airflow/dags/load_user.py
[2025-01-24T16:16:56.677+0000] {logging_mixin.py:151} INFO - [2025-01-24T16:16:56.676+0000] {dag.py:2907} INFO - Sync 1 DAGs
[2025-01-24T16:16:56.690+0000] {logging_mixin.py:151} INFO - [2025-01-24T16:16:56.690+0000] {dag.py:3677} INFO - Setting next_dagrun for copy_s3_to_redshift_callable to None, run_after=None
[2025-01-24T16:16:56.705+0000] {processor.py:179} INFO - Processing /opt/airflow/dags/load_user.py took 0.107 seconds
[2025-01-24T16:17:26.997+0000] {processor.py:157} INFO - Started process (PID=242) to work on /opt/airflow/dags/load_user.py
[2025-01-24T16:17:27.011+0000] {processor.py:829} INFO - Processing file /opt/airflow/dags/load_user.py for tasks to queue
[2025-01-24T16:17:27.025+0000] {logging_mixin.py:151} INFO - [2025-01-24T16:17:27.024+0000] {dagbag.py:539} INFO - Filling up the DagBag from /opt/airflow/dags/load_user.py
[2025-01-24T16:17:27.047+0000] {processor.py:839} INFO - DAG(s) dict_keys(['copy_s3_to_redshift_callable']) retrieved from /opt/airflow/dags/load_user.py
[2025-01-24T16:17:27.086+0000] {logging_mixin.py:151} INFO - [2025-01-24T16:17:27.085+0000] {dag.py:2907} INFO - Sync 1 DAGs
[2025-01-24T16:17:27.101+0000] {logging_mixin.py:151} INFO - [2025-01-24T16:17:27.101+0000] {dag.py:3677} INFO - Setting next_dagrun for copy_s3_to_redshift_callable to None, run_after=None
[2025-01-24T16:17:27.116+0000] {processor.py:179} INFO - Processing /opt/airflow/dags/load_user.py took 0.125 seconds
[2025-01-24T16:17:32.112+0000] {processor.py:157} INFO - Started process (PID=247) to work on /opt/airflow/dags/load_user.py
[2025-01-24T16:17:32.114+0000] {processor.py:829} INFO - Processing file /opt/airflow/dags/load_user.py for tasks to queue
[2025-01-24T16:17:32.120+0000] {logging_mixin.py:151} INFO - [2025-01-24T16:17:32.119+0000] {dagbag.py:539} INFO - Filling up the DagBag from /opt/airflow/dags/load_user.py
[2025-01-24T16:17:32.145+0000] {processor.py:839} INFO - DAG(s) dict_keys(['copy_s3_to_redshift_callable']) retrieved from /opt/airflow/dags/load_user.py
[2025-01-24T16:17:32.400+0000] {logging_mixin.py:151} INFO - [2025-01-24T16:17:32.400+0000] {dag.py:2907} INFO - Sync 1 DAGs
[2025-01-24T16:17:32.418+0000] {logging_mixin.py:151} INFO - [2025-01-24T16:17:32.418+0000] {dag.py:3677} INFO - Setting next_dagrun for copy_s3_to_redshift_callable to None, run_after=None
[2025-01-24T16:17:32.438+0000] {processor.py:179} INFO - Processing /opt/airflow/dags/load_user.py took 0.333 seconds
[2025-01-24T16:23:03.703+0000] {processor.py:157} INFO - Started process (PID=174) to work on /opt/airflow/dags/load_user.py
[2025-01-24T16:23:03.705+0000] {processor.py:829} INFO - Processing file /opt/airflow/dags/load_user.py for tasks to queue
[2025-01-24T16:23:03.708+0000] {logging_mixin.py:151} INFO - [2025-01-24T16:23:03.708+0000] {dagbag.py:539} INFO - Filling up the DagBag from /opt/airflow/dags/load_user.py
[2025-01-24T16:23:03.781+0000] {processor.py:839} INFO - DAG(s) dict_keys(['copy_s3_to_redshift_callable']) retrieved from /opt/airflow/dags/load_user.py
[2025-01-24T16:23:03.794+0000] {logging_mixin.py:151} INFO - [2025-01-24T16:23:03.794+0000] {dag.py:2907} INFO - Sync 1 DAGs
[2025-01-24T16:23:03.815+0000] {logging_mixin.py:151} INFO - [2025-01-24T16:23:03.815+0000] {dag.py:3677} INFO - Setting next_dagrun for copy_s3_to_redshift_callable to None, run_after=None
[2025-01-24T16:23:03.833+0000] {processor.py:179} INFO - Processing /opt/airflow/dags/load_user.py took 0.133 seconds
[2025-01-24T16:23:34.073+0000] {processor.py:157} INFO - Started process (PID=179) to work on /opt/airflow/dags/load_user.py
[2025-01-24T16:23:34.074+0000] {processor.py:829} INFO - Processing file /opt/airflow/dags/load_user.py for tasks to queue
[2025-01-24T16:23:34.079+0000] {logging_mixin.py:151} INFO - [2025-01-24T16:23:34.078+0000] {dagbag.py:539} INFO - Filling up the DagBag from /opt/airflow/dags/load_user.py
[2025-01-24T16:23:34.100+0000] {processor.py:839} INFO - DAG(s) dict_keys(['copy_s3_to_redshift_callable']) retrieved from /opt/airflow/dags/load_user.py
[2025-01-24T16:23:34.147+0000] {logging_mixin.py:151} INFO - [2025-01-24T16:23:34.147+0000] {dag.py:2907} INFO - Sync 1 DAGs
[2025-01-24T16:23:34.171+0000] {logging_mixin.py:151} INFO - [2025-01-24T16:23:34.171+0000] {dag.py:3677} INFO - Setting next_dagrun for copy_s3_to_redshift_callable to None, run_after=None
[2025-01-24T16:23:34.189+0000] {processor.py:179} INFO - Processing /opt/airflow/dags/load_user.py took 0.127 seconds
[2025-01-24T16:24:04.458+0000] {processor.py:157} INFO - Started process (PID=186) to work on /opt/airflow/dags/load_user.py
[2025-01-24T16:24:04.460+0000] {processor.py:829} INFO - Processing file /opt/airflow/dags/load_user.py for tasks to queue
[2025-01-24T16:24:04.467+0000] {logging_mixin.py:151} INFO - [2025-01-24T16:24:04.466+0000] {dagbag.py:539} INFO - Filling up the DagBag from /opt/airflow/dags/load_user.py
[2025-01-24T16:24:04.489+0000] {processor.py:839} INFO - DAG(s) dict_keys(['copy_s3_to_redshift_callable']) retrieved from /opt/airflow/dags/load_user.py
[2025-01-24T16:24:04.526+0000] {logging_mixin.py:151} INFO - [2025-01-24T16:24:04.526+0000] {dag.py:2907} INFO - Sync 1 DAGs
[2025-01-24T16:24:04.560+0000] {logging_mixin.py:151} INFO - [2025-01-24T16:24:04.559+0000] {dag.py:3677} INFO - Setting next_dagrun for copy_s3_to_redshift_callable to None, run_after=None
[2025-01-24T16:24:04.591+0000] {processor.py:179} INFO - Processing /opt/airflow/dags/load_user.py took 0.142 seconds
[2025-01-24T16:24:34.803+0000] {processor.py:157} INFO - Started process (PID=191) to work on /opt/airflow/dags/load_user.py
[2025-01-24T16:24:34.806+0000] {processor.py:829} INFO - Processing file /opt/airflow/dags/load_user.py for tasks to queue
[2025-01-24T16:24:34.811+0000] {logging_mixin.py:151} INFO - [2025-01-24T16:24:34.810+0000] {dagbag.py:539} INFO - Filling up the DagBag from /opt/airflow/dags/load_user.py
[2025-01-24T16:24:34.831+0000] {processor.py:839} INFO - DAG(s) dict_keys(['copy_s3_to_redshift_callable']) retrieved from /opt/airflow/dags/load_user.py
[2025-01-24T16:24:34.863+0000] {logging_mixin.py:151} INFO - [2025-01-24T16:24:34.861+0000] {dag.py:2907} INFO - Sync 1 DAGs
[2025-01-24T16:24:34.874+0000] {logging_mixin.py:151} INFO - [2025-01-24T16:24:34.874+0000] {dag.py:3677} INFO - Setting next_dagrun for copy_s3_to_redshift_callable to None, run_after=None
[2025-01-24T16:24:34.888+0000] {processor.py:179} INFO - Processing /opt/airflow/dags/load_user.py took 0.113 seconds
[2025-01-24T16:25:05.177+0000] {processor.py:157} INFO - Started process (PID=196) to work on /opt/airflow/dags/load_user.py
[2025-01-24T16:25:05.179+0000] {processor.py:829} INFO - Processing file /opt/airflow/dags/load_user.py for tasks to queue
[2025-01-24T16:25:05.193+0000] {logging_mixin.py:151} INFO - [2025-01-24T16:25:05.192+0000] {dagbag.py:539} INFO - Filling up the DagBag from /opt/airflow/dags/load_user.py
[2025-01-24T16:25:05.211+0000] {processor.py:839} INFO - DAG(s) dict_keys(['copy_s3_to_redshift_callable']) retrieved from /opt/airflow/dags/load_user.py
[2025-01-24T16:25:05.269+0000] {logging_mixin.py:151} INFO - [2025-01-24T16:25:05.268+0000] {dag.py:2907} INFO - Sync 1 DAGs
[2025-01-24T16:25:05.290+0000] {logging_mixin.py:151} INFO - [2025-01-24T16:25:05.289+0000] {dag.py:3677} INFO - Setting next_dagrun for copy_s3_to_redshift_callable to None, run_after=None
[2025-01-24T16:25:05.306+0000] {processor.py:179} INFO - Processing /opt/airflow/dags/load_user.py took 0.135 seconds
[2025-01-24T16:25:35.535+0000] {processor.py:157} INFO - Started process (PID=201) to work on /opt/airflow/dags/load_user.py
[2025-01-24T16:25:35.538+0000] {processor.py:829} INFO - Processing file /opt/airflow/dags/load_user.py for tasks to queue
[2025-01-24T16:25:35.546+0000] {logging_mixin.py:151} INFO - [2025-01-24T16:25:35.543+0000] {dagbag.py:539} INFO - Filling up the DagBag from /opt/airflow/dags/load_user.py
[2025-01-24T16:25:35.608+0000] {processor.py:839} INFO - DAG(s) dict_keys(['copy_s3_to_redshift_callable']) retrieved from /opt/airflow/dags/load_user.py
[2025-01-24T16:25:35.648+0000] {logging_mixin.py:151} INFO - [2025-01-24T16:25:35.647+0000] {dag.py:2907} INFO - Sync 1 DAGs
[2025-01-24T16:25:35.659+0000] {logging_mixin.py:151} INFO - [2025-01-24T16:25:35.659+0000] {dag.py:3677} INFO - Setting next_dagrun for copy_s3_to_redshift_callable to None, run_after=None
[2025-01-24T16:25:35.688+0000] {processor.py:179} INFO - Processing /opt/airflow/dags/load_user.py took 0.164 seconds
[2025-01-24T16:26:05.967+0000] {processor.py:157} INFO - Started process (PID=206) to work on /opt/airflow/dags/load_user.py
[2025-01-24T16:26:05.968+0000] {processor.py:829} INFO - Processing file /opt/airflow/dags/load_user.py for tasks to queue
[2025-01-24T16:26:05.980+0000] {logging_mixin.py:151} INFO - [2025-01-24T16:26:05.976+0000] {dagbag.py:539} INFO - Filling up the DagBag from /opt/airflow/dags/load_user.py
[2025-01-24T16:26:06.010+0000] {processor.py:839} INFO - DAG(s) dict_keys(['copy_s3_to_redshift_callable']) retrieved from /opt/airflow/dags/load_user.py
[2025-01-24T16:26:06.044+0000] {logging_mixin.py:151} INFO - [2025-01-24T16:26:06.043+0000] {dag.py:2907} INFO - Sync 1 DAGs
[2025-01-24T16:26:06.057+0000] {logging_mixin.py:151} INFO - [2025-01-24T16:26:06.057+0000] {dag.py:3677} INFO - Setting next_dagrun for copy_s3_to_redshift_callable to None, run_after=None
[2025-01-24T16:26:06.071+0000] {processor.py:179} INFO - Processing /opt/airflow/dags/load_user.py took 0.112 seconds
[2025-01-24T16:26:36.468+0000] {processor.py:157} INFO - Started process (PID=211) to work on /opt/airflow/dags/load_user.py
[2025-01-24T16:26:36.470+0000] {processor.py:829} INFO - Processing file /opt/airflow/dags/load_user.py for tasks to queue
[2025-01-24T16:26:36.474+0000] {logging_mixin.py:151} INFO - [2025-01-24T16:26:36.473+0000] {dagbag.py:539} INFO - Filling up the DagBag from /opt/airflow/dags/load_user.py
[2025-01-24T16:26:36.495+0000] {processor.py:839} INFO - DAG(s) dict_keys(['copy_s3_to_redshift_callable']) retrieved from /opt/airflow/dags/load_user.py
[2025-01-24T16:26:36.530+0000] {logging_mixin.py:151} INFO - [2025-01-24T16:26:36.529+0000] {dag.py:2907} INFO - Sync 1 DAGs
[2025-01-24T16:26:36.544+0000] {logging_mixin.py:151} INFO - [2025-01-24T16:26:36.543+0000] {dag.py:3677} INFO - Setting next_dagrun for copy_s3_to_redshift_callable to None, run_after=None
[2025-01-24T16:26:36.561+0000] {processor.py:179} INFO - Processing /opt/airflow/dags/load_user.py took 0.099 seconds
[2025-01-24T16:27:06.910+0000] {processor.py:157} INFO - Started process (PID=216) to work on /opt/airflow/dags/load_user.py
[2025-01-24T16:27:06.912+0000] {processor.py:829} INFO - Processing file /opt/airflow/dags/load_user.py for tasks to queue
[2025-01-24T16:27:06.917+0000] {logging_mixin.py:151} INFO - [2025-01-24T16:27:06.916+0000] {dagbag.py:539} INFO - Filling up the DagBag from /opt/airflow/dags/load_user.py
[2025-01-24T16:27:06.957+0000] {processor.py:839} INFO - DAG(s) dict_keys(['copy_s3_to_redshift_callable']) retrieved from /opt/airflow/dags/load_user.py
[2025-01-24T16:27:06.995+0000] {logging_mixin.py:151} INFO - [2025-01-24T16:27:06.994+0000] {dag.py:2907} INFO - Sync 1 DAGs
[2025-01-24T16:27:07.009+0000] {logging_mixin.py:151} INFO - [2025-01-24T16:27:07.009+0000] {dag.py:3677} INFO - Setting next_dagrun for copy_s3_to_redshift_callable to None, run_after=None
[2025-01-24T16:27:07.024+0000] {processor.py:179} INFO - Processing /opt/airflow/dags/load_user.py took 0.120 seconds
[2025-01-24T16:27:37.342+0000] {processor.py:157} INFO - Started process (PID=221) to work on /opt/airflow/dags/load_user.py
[2025-01-24T16:27:37.343+0000] {processor.py:829} INFO - Processing file /opt/airflow/dags/load_user.py for tasks to queue
[2025-01-24T16:27:37.348+0000] {logging_mixin.py:151} INFO - [2025-01-24T16:27:37.347+0000] {dagbag.py:539} INFO - Filling up the DagBag from /opt/airflow/dags/load_user.py
[2025-01-24T16:27:37.369+0000] {processor.py:839} INFO - DAG(s) dict_keys(['copy_s3_to_redshift_callable']) retrieved from /opt/airflow/dags/load_user.py
[2025-01-24T16:27:37.405+0000] {logging_mixin.py:151} INFO - [2025-01-24T16:27:37.405+0000] {dag.py:2907} INFO - Sync 1 DAGs
[2025-01-24T16:27:37.429+0000] {logging_mixin.py:151} INFO - [2025-01-24T16:27:37.429+0000] {dag.py:3677} INFO - Setting next_dagrun for copy_s3_to_redshift_callable to None, run_after=None
[2025-01-24T16:27:37.455+0000] {processor.py:179} INFO - Processing /opt/airflow/dags/load_user.py took 0.121 seconds
