[2025-01-24T18:27:39.511+0000] {taskinstance.py:1159} INFO - Dependencies all met for dep_context=non-requeueable deps ti=<TaskInstance: s3_to_redshift_copy_command.load_data_to_redshift manual__2025-01-24T18:27:36.437340+00:00 [queued]>
[2025-01-24T18:27:39.518+0000] {taskinstance.py:1159} INFO - Dependencies all met for dep_context=requeueable deps ti=<TaskInstance: s3_to_redshift_copy_command.load_data_to_redshift manual__2025-01-24T18:27:36.437340+00:00 [queued]>
[2025-01-24T18:27:39.518+0000] {taskinstance.py:1361} INFO - Starting attempt 1 of 2
[2025-01-24T18:27:39.526+0000] {taskinstance.py:1382} INFO - Executing <Task(PythonOperator): load_data_to_redshift> on 2025-01-24 18:27:36.437340+00:00
[2025-01-24T18:27:39.532+0000] {standard_task_runner.py:57} INFO - Started process 185 to run task
[2025-01-24T18:27:39.535+0000] {standard_task_runner.py:84} INFO - Running: ['***', 'tasks', 'run', 's3_to_redshift_copy_command', 'load_data_to_redshift', 'manual__2025-01-24T18:27:36.437340+00:00', '--job-id', '10', '--raw', '--subdir', 'DAGS_FOLDER/load_user.py', '--cfg-path', '/tmp/tmp6zb9_5au']
[2025-01-24T18:27:39.539+0000] {standard_task_runner.py:85} INFO - Job 10: Subtask load_data_to_redshift
[2025-01-24T18:27:39.552+0000] {logging_mixin.py:151} WARNING - /home/***/.local/lib/python3.8/site-packages/***/settings.py:195 DeprecationWarning: The sql_alchemy_conn option in [core] has been moved to the sql_alchemy_conn option in [database] - the old setting has been used, but please update your config.
[2025-01-24T18:27:39.597+0000] {task_command.py:415} INFO - Running <TaskInstance: s3_to_redshift_copy_command.load_data_to_redshift manual__2025-01-24T18:27:36.437340+00:00 [running]> on host 62f96838568e
[2025-01-24T18:27:39.659+0000] {taskinstance.py:1660} INFO - Exporting env vars: AIRFLOW_CTX_DAG_OWNER='***' AIRFLOW_CTX_DAG_ID='s3_to_redshift_copy_command' AIRFLOW_CTX_TASK_ID='load_data_to_redshift' AIRFLOW_CTX_EXECUTION_DATE='2025-01-24T18:27:36.437340+00:00' AIRFLOW_CTX_TRY_NUMBER='1' AIRFLOW_CTX_DAG_RUN_ID='manual__2025-01-24T18:27:36.437340+00:00'
[2025-01-24T18:27:39.674+0000] {base.py:73} INFO - Using connection ID 'redshift_default' for task execution.
[2025-01-24T18:27:39.880+0000] {taskinstance.py:1943} ERROR - Task failed with exception
Traceback (most recent call last):
  File "/home/airflow/.local/lib/python3.8/site-packages/airflow/operators/python.py", line 192, in execute
    return_value = self.execute_callable()
  File "/home/airflow/.local/lib/python3.8/site-packages/airflow/operators/python.py", line 209, in execute_callable
    return self.python_callable(*self.op_args, **self.op_kwargs)
  File "/opt/airflow/dags/load_user.py", line 27, in run_copy_command
    redshift_hook.run(copy_sql)
  File "/home/airflow/.local/lib/python3.8/site-packages/airflow/providers/common/sql/hooks/sql.py", line 385, in run
    with closing(self.get_conn()) as conn:
  File "/home/airflow/.local/lib/python3.8/site-packages/airflow/providers/postgres/hooks/postgres.py", line 154, in get_conn
    self.conn = psycopg2.connect(**conn_args)
  File "/home/airflow/.local/lib/python3.8/site-packages/psycopg2/__init__.py", line 122, in connect
    conn = _connect(dsn, connection_factory=connection_factory, **kwasync)
psycopg2.OperationalError: FATAL:  password authentication failed for user "admin"
FATAL:  password authentication failed for user "admin"

[2025-01-24T18:27:39.926+0000] {taskinstance.py:1400} INFO - Marking task as UP_FOR_RETRY. dag_id=s3_to_redshift_copy_command, task_id=load_data_to_redshift, execution_date=20250124T182736, start_date=20250124T182739, end_date=20250124T182739
[2025-01-24T18:27:39.955+0000] {standard_task_runner.py:104} ERROR - Failed to execute job 10 for task load_data_to_redshift (FATAL:  password authentication failed for user "admin"
FATAL:  password authentication failed for user "admin"
; 185)
[2025-01-24T18:27:39.968+0000] {local_task_job_runner.py:228} INFO - Task exited with return code 1
[2025-01-24T18:27:39.993+0000] {taskinstance.py:2784} INFO - 0 downstream tasks scheduled from follow-on schedule check
