[2025-01-24T14:35:57.040+0000] {manager.py:488} INFO - Processing files using up to 2 processes at a time 
[2025-01-24T14:35:57.041+0000] {manager.py:489} INFO - Process each file at most once every 30 seconds
[2025-01-24T14:35:57.042+0000] {manager.py:490} INFO - Checking for new files in /opt/airflow/dags every 300 seconds
[2025-01-24T14:35:57.042+0000] {manager.py:760} INFO - Searching for files in /opt/airflow/dags
[2025-01-24T14:35:57.045+0000] {manager.py:763} INFO - There are 0 files in /opt/airflow/dags
[2025-01-24T14:38:32.508+0000] {manager.py:470} INFO - Exiting gracefully upon receiving signal 15
[2025-01-24T14:39:11.489+0000] {manager.py:488} INFO - Processing files using up to 2 processes at a time 
[2025-01-24T14:39:11.490+0000] {manager.py:489} INFO - Process each file at most once every 30 seconds
[2025-01-24T14:39:11.490+0000] {manager.py:490} INFO - Checking for new files in /opt/airflow/dags every 300 seconds
[2025-01-24T14:39:11.491+0000] {manager.py:760} INFO - Searching for files in /opt/airflow/dags
[2025-01-24T14:39:11.494+0000] {manager.py:763} INFO - There are 0 files in /opt/airflow/dags
[2025-01-24T14:44:12.077+0000] {manager.py:760} INFO - Searching for files in /opt/airflow/dags
[2025-01-24T14:44:12.093+0000] {manager.py:763} INFO - There are 0 files in /opt/airflow/dags
[2025-01-24T14:44:45.711+0000] {manager.py:470} INFO - Exiting gracefully upon receiving signal 15
[2025-01-24T14:45:06.925+0000] {manager.py:488} INFO - Processing files using up to 2 processes at a time 
[2025-01-24T14:45:06.926+0000] {manager.py:489} INFO - Process each file at most once every 30 seconds
[2025-01-24T14:45:06.926+0000] {manager.py:490} INFO - Checking for new files in /opt/airflow/dags every 300 seconds
[2025-01-24T14:45:06.926+0000] {manager.py:760} INFO - Searching for files in /opt/airflow/dags
[2025-01-24T14:45:06.928+0000] {manager.py:763} INFO - There are 0 files in /opt/airflow/dags
[2025-01-24T14:50:07.607+0000] {manager.py:760} INFO - Searching for files in /opt/airflow/dags
[2025-01-24T14:50:07.615+0000] {manager.py:763} INFO - There are 0 files in /opt/airflow/dags
[2025-01-24T14:55:08.344+0000] {manager.py:760} INFO - Searching for files in /opt/airflow/dags
[2025-01-24T14:55:08.368+0000] {manager.py:763} INFO - There are 0 files in /opt/airflow/dags
[2025-01-24T15:00:09.016+0000] {manager.py:760} INFO - Searching for files in /opt/airflow/dags
[2025-01-24T15:00:09.027+0000] {manager.py:763} INFO - There are 0 files in /opt/airflow/dags
[2025-01-24T15:05:09.732+0000] {manager.py:760} INFO - Searching for files in /opt/airflow/dags
[2025-01-24T15:05:09.750+0000] {manager.py:763} INFO - There are 0 files in /opt/airflow/dags
[2025-01-24T15:10:10.419+0000] {manager.py:760} INFO - Searching for files in /opt/airflow/dags
[2025-01-24T15:10:10.428+0000] {manager.py:763} INFO - There are 0 files in /opt/airflow/dags
[2025-01-24T15:15:10.567+0000] {manager.py:760} INFO - Searching for files in /opt/airflow/dags
[2025-01-24T15:15:10.577+0000] {manager.py:763} INFO - There are 0 files in /opt/airflow/dags
[2025-01-24T15:20:10.947+0000] {manager.py:760} INFO - Searching for files in /opt/airflow/dags
[2025-01-24T15:20:10.956+0000] {manager.py:763} INFO - There are 0 files in /opt/airflow/dags
[2025-01-24T15:25:11.178+0000] {manager.py:760} INFO - Searching for files in /opt/airflow/dags
[2025-01-24T15:25:11.189+0000] {manager.py:763} INFO - There are 0 files in /opt/airflow/dags
[2025-01-24T15:30:11.913+0000] {manager.py:760} INFO - Searching for files in /opt/airflow/dags
[2025-01-24T15:30:11.920+0000] {manager.py:763} INFO - There are 0 files in /opt/airflow/dags
[2025-01-24T15:35:12.067+0000] {manager.py:760} INFO - Searching for files in /opt/airflow/dags
[2025-01-24T15:35:12.073+0000] {manager.py:763} INFO - There are 0 files in /opt/airflow/dags
[2025-01-24T15:40:12.342+0000] {manager.py:760} INFO - Searching for files in /opt/airflow/dags
[2025-01-24T15:40:12.349+0000] {manager.py:763} INFO - There are 0 files in /opt/airflow/dags
[2025-01-24T15:45:12.622+0000] {manager.py:760} INFO - Searching for files in /opt/airflow/dags
[2025-01-24T15:45:12.634+0000] {manager.py:763} INFO - There are 0 files in /opt/airflow/dags
[2025-01-24T15:50:12.941+0000] {manager.py:760} INFO - Searching for files in /opt/airflow/dags
[2025-01-24T15:50:12.967+0000] {manager.py:763} INFO - There are 0 files in /opt/airflow/dags
[2025-01-24T15:55:13.275+0000] {manager.py:760} INFO - Searching for files in /opt/airflow/dags
[2025-01-24T15:55:13.295+0000] {manager.py:763} INFO - There are 0 files in /opt/airflow/dags
[2025-01-24T16:00:13.783+0000] {manager.py:760} INFO - Searching for files in /opt/airflow/dags
[2025-01-24T16:00:13.801+0000] {manager.py:763} INFO - There are 0 files in /opt/airflow/dags
[2025-01-24T16:05:14.366+0000] {manager.py:760} INFO - Searching for files in /opt/airflow/dags
[2025-01-24T16:05:14.392+0000] {manager.py:763} INFO - There are 0 files in /opt/airflow/dags
[2025-01-24T16:10:15.342+0000] {manager.py:760} INFO - Searching for files in /opt/airflow/dags
[2025-01-24T16:10:15.367+0000] {manager.py:763} INFO - There are 1 files in /opt/airflow/dags
[2025-01-24T16:10:30.247+0000] {manager.py:888} INFO - 
================================================================================
DAG File Processing Stats

File Path                       PID    Runtime      # DAGs    # Errors  Last Runtime    Last Run
------------------------------  -----  ---------  --------  ----------  --------------  -------------------
/opt/airflow/dags/load_user.py                           1           0  1.12s           2025-01-24T16:10:18
================================================================================
[2025-01-24T16:11:00.734+0000] {manager.py:888} INFO - 
================================================================================
DAG File Processing Stats

File Path                       PID    Runtime      # DAGs    # Errors  Last Runtime    Last Run
------------------------------  -----  ---------  --------  ----------  --------------  -------------------
/opt/airflow/dags/load_user.py                           1           0  0.26s           2025-01-24T16:10:48
================================================================================
[2025-01-24T16:11:31.467+0000] {manager.py:888} INFO - 
================================================================================
DAG File Processing Stats

File Path                       PID    Runtime      # DAGs    # Errors  Last Runtime    Last Run
------------------------------  -----  ---------  --------  ----------  --------------  -------------------
/opt/airflow/dags/load_user.py                           1           0  0.20s           2025-01-24T16:11:19
================================================================================
[2025-01-24T16:12:02.011+0000] {manager.py:888} INFO - 
================================================================================
DAG File Processing Stats

File Path                       PID    Runtime      # DAGs    # Errors  Last Runtime    Last Run
------------------------------  -----  ---------  --------  ----------  --------------  -------------------
/opt/airflow/dags/load_user.py                           1           0  0.23s           2025-01-24T16:11:49
================================================================================
[2025-01-24T16:12:32.521+0000] {manager.py:888} INFO - 
================================================================================
DAG File Processing Stats

File Path                       PID    Runtime      # DAGs    # Errors  Last Runtime    Last Run
------------------------------  -----  ---------  --------  ----------  --------------  -------------------
/opt/airflow/dags/load_user.py                           1           0  0.19s           2025-01-24T16:12:20
================================================================================
[2025-01-24T16:13:03.012+0000] {manager.py:888} INFO - 
================================================================================
DAG File Processing Stats

File Path                       PID    Runtime      # DAGs    # Errors  Last Runtime    Last Run
------------------------------  -----  ---------  --------  ----------  --------------  -------------------
/opt/airflow/dags/load_user.py                           1           0  0.26s           2025-01-24T16:12:50
================================================================================
[2025-01-24T16:13:33.529+0000] {manager.py:888} INFO - 
================================================================================
DAG File Processing Stats

File Path                       PID    Runtime      # DAGs    # Errors  Last Runtime    Last Run
------------------------------  -----  ---------  --------  ----------  --------------  -------------------
/opt/airflow/dags/load_user.py                           1           0  0.20s           2025-01-24T16:13:21
================================================================================
[2025-01-24T16:14:03.971+0000] {manager.py:888} INFO - 
================================================================================
DAG File Processing Stats

File Path                       PID    Runtime      # DAGs    # Errors  Last Runtime    Last Run
------------------------------  -----  ---------  --------  ----------  --------------  -------------------
/opt/airflow/dags/load_user.py                           1           0  0.19s           2025-01-24T16:13:51
================================================================================
[2025-01-24T16:14:34.535+0000] {manager.py:888} INFO - 
================================================================================
DAG File Processing Stats

File Path                       PID    Runtime      # DAGs    # Errors  Last Runtime    Last Run
------------------------------  -----  ---------  --------  ----------  --------------  -------------------
/opt/airflow/dags/load_user.py                           1           0  0.09s           2025-01-24T16:14:24
================================================================================
[2025-01-24T16:15:04.905+0000] {manager.py:888} INFO - 
================================================================================
DAG File Processing Stats

File Path                       PID    Runtime      # DAGs    # Errors  Last Runtime    Last Run
------------------------------  -----  ---------  --------  ----------  --------------  -------------------
/opt/airflow/dags/load_user.py                           1           0  0.15s           2025-01-24T16:14:54
================================================================================
[2025-01-24T16:15:16.018+0000] {manager.py:760} INFO - Searching for files in /opt/airflow/dags
[2025-01-24T16:15:16.031+0000] {manager.py:763} INFO - There are 1 files in /opt/airflow/dags
[2025-01-24T16:15:35.323+0000] {manager.py:888} INFO - 
================================================================================
DAG File Processing Stats

File Path                       PID    Runtime      # DAGs    # Errors  Last Runtime    Last Run
------------------------------  -----  ---------  --------  ----------  --------------  -------------------
/opt/airflow/dags/load_user.py                           1           0  0.17s           2025-01-24T16:15:25
================================================================================
[2025-01-24T16:16:05.834+0000] {manager.py:888} INFO - 
================================================================================
DAG File Processing Stats

File Path                       PID    Runtime      # DAGs    # Errors  Last Runtime    Last Run
------------------------------  -----  ---------  --------  ----------  --------------  -------------------
/opt/airflow/dags/load_user.py                           1           0  0.17s           2025-01-24T16:15:55
================================================================================
[2025-01-24T16:16:36.256+0000] {manager.py:888} INFO - 
================================================================================
DAG File Processing Stats

File Path                       PID    Runtime      # DAGs    # Errors  Last Runtime    Last Run
------------------------------  -----  ---------  --------  ----------  --------------  -------------------
/opt/airflow/dags/load_user.py                           1           0  0.21s           2025-01-24T16:16:26
================================================================================
[2025-01-24T16:17:06.719+0000] {manager.py:888} INFO - 
================================================================================
DAG File Processing Stats

File Path                       PID    Runtime      # DAGs    # Errors  Last Runtime    Last Run
------------------------------  -----  ---------  --------  ----------  --------------  -------------------
/opt/airflow/dags/load_user.py                           1           0  0.14s           2025-01-24T16:16:56
================================================================================
[2025-01-24T16:17:37.234+0000] {manager.py:888} INFO - 
================================================================================
DAG File Processing Stats

File Path                       PID    Runtime      # DAGs    # Errors  Last Runtime    Last Run
------------------------------  -----  ---------  --------  ----------  --------------  -------------------
/opt/airflow/dags/load_user.py                           1           0  0.38s           2025-01-24T16:17:32
================================================================================
[2025-01-24T16:17:50.122+0000] {manager.py:470} INFO - Exiting gracefully upon receiving signal 15
[2025-01-24T16:23:02.762+0000] {manager.py:488} INFO - Processing files using up to 2 processes at a time 
[2025-01-24T16:23:02.763+0000] {manager.py:489} INFO - Process each file at most once every 30 seconds
[2025-01-24T16:23:02.763+0000] {manager.py:490} INFO - Checking for new files in /opt/airflow/dags every 300 seconds
[2025-01-24T16:23:02.764+0000] {manager.py:760} INFO - Searching for files in /opt/airflow/dags
[2025-01-24T16:23:02.779+0000] {manager.py:763} INFO - There are 1 files in /opt/airflow/dags
[2025-01-24T16:23:03.712+0000] {manager.py:888} INFO - 
================================================================================
DAG File Processing Stats

File Path                         PID  Runtime      # DAGs    # Errors  Last Runtime    Last Run
------------------------------  -----  ---------  --------  ----------  --------------  ----------
/opt/airflow/dags/load_user.py    174  0.03s             0           0
================================================================================
[2025-01-24T16:23:34.040+0000] {manager.py:888} INFO - 
================================================================================
DAG File Processing Stats

File Path                         PID  Runtime      # DAGs    # Errors  Last Runtime    Last Run
------------------------------  -----  ---------  --------  ----------  --------------  -------------------
/opt/airflow/dags/load_user.py    179  0.01s             1           0  0.16s           2025-01-24T16:23:03
================================================================================
[2025-01-24T16:24:04.439+0000] {manager.py:888} INFO - 
================================================================================
DAG File Processing Stats

File Path                         PID  Runtime      # DAGs    # Errors  Last Runtime    Last Run
------------------------------  -----  ---------  --------  ----------  --------------  -------------------
/opt/airflow/dags/load_user.py    186  0.03s             1           0  0.17s           2025-01-24T16:23:34
================================================================================
[2025-01-24T16:24:34.763+0000] {manager.py:888} INFO - 
================================================================================
DAG File Processing Stats

File Path                         PID  Runtime      # DAGs    # Errors  Last Runtime    Last Run
------------------------------  -----  ---------  --------  ----------  --------------  -------------------
/opt/airflow/dags/load_user.py    191  0.02s             1           0  0.19s           2025-01-24T16:24:04
================================================================================
[2025-01-24T16:25:05.132+0000] {manager.py:888} INFO - 
================================================================================
DAG File Processing Stats

File Path                         PID  Runtime      # DAGs    # Errors  Last Runtime    Last Run
------------------------------  -----  ---------  --------  ----------  --------------  -------------------
/opt/airflow/dags/load_user.py    196  0.03s             1           0  0.15s           2025-01-24T16:24:34
================================================================================
[2025-01-24T16:25:35.508+0000] {manager.py:888} INFO - 
================================================================================
DAG File Processing Stats

File Path                         PID  Runtime      # DAGs    # Errors  Last Runtime    Last Run
------------------------------  -----  ---------  --------  ----------  --------------  -------------------
/opt/airflow/dags/load_user.py    201  0.04s             1           0  0.23s           2025-01-24T16:25:05
================================================================================
[2025-01-24T16:26:05.949+0000] {manager.py:888} INFO - 
================================================================================
DAG File Processing Stats

File Path                         PID  Runtime      # DAGs    # Errors  Last Runtime    Last Run
------------------------------  -----  ---------  --------  ----------  --------------  -------------------
/opt/airflow/dags/load_user.py    206  0.02s             1           0  0.24s           2025-01-24T16:25:35
================================================================================
[2025-01-24T16:26:36.426+0000] {manager.py:888} INFO - 
================================================================================
DAG File Processing Stats

File Path                         PID  Runtime      # DAGs    # Errors  Last Runtime    Last Run
------------------------------  -----  ---------  --------  ----------  --------------  -------------------
/opt/airflow/dags/load_user.py    211  0.02s             1           0  0.15s           2025-01-24T16:26:06
================================================================================
[2025-01-24T16:27:06.891+0000] {manager.py:888} INFO - 
================================================================================
DAG File Processing Stats

File Path                         PID  Runtime      # DAGs    # Errors  Last Runtime    Last Run
------------------------------  -----  ---------  --------  ----------  --------------  -------------------
/opt/airflow/dags/load_user.py    216  0.03s             1           0  0.17s           2025-01-24T16:26:36
================================================================================
[2025-01-24T16:27:37.315+0000] {manager.py:888} INFO - 
================================================================================
DAG File Processing Stats

File Path                         PID  Runtime      # DAGs    # Errors  Last Runtime    Last Run
------------------------------  -----  ---------  --------  ----------  --------------  -------------------
/opt/airflow/dags/load_user.py    221  0.03s             1           0  0.17s           2025-01-24T16:27:07
================================================================================
